<?xml version="1.0" encoding="UTF-8"?>
<testsuite name="demo.base.BaseDemoTest" tests="1" skipped="0" failures="0" errors="0" timestamp="2022-07-13T03:12:46" hostname="DUCO-W11" time="0.011">
  <properties/>
  <testcase name="test_for_sum2()" classname="demo.base.BaseDemoTest" time="0.011"/>
  <system-out><![CDATA[]]></system-out>
  <system-err><![CDATA[]]></system-err>
</testsuite>
